<?xml version="1.0" encoding="UTF-8"?>
<testsuite xmlns:xsi="http://www.w3.org/2001/XMLSchema-instance" xsi:noNamespaceSchemaLocation="https://maven.apache.org/surefire/maven-surefire-plugin/xsd/surefire-test-report-3.0.xsd" version="3.0" name="com.testautomationdevelopment.RandomApp.RunCucumberTest" time="0.295" tests="1" errors="0" skipped="0" failures="0">
  <properties>
    <property name="java.specification.version" value="21"/>
    <property name="sun.cpu.isalist" value="amd64"/>
    <property name="sun.jnu.encoding" value="Cp1252"/>
    <property name="java.class.path" value="C:\Users\Benjamin\Documents\BDD_Framework_Java_CI_CD_2\RandomApp\target\test-classes;C:\Users\Benjamin\Documents\BDD_Framework_Java_CI_CD_2\RandomApp\target\classes;C:\Users\Benjamin Saint Elien\.m2\repository\io\cucumber\cucumber-java\7.18.0\cucumber-java-7.18.0.jar;C:\Users\Benjamin Saint Elien\.m2\repository\io\cucumber\cucumber-core\7.18.0\cucumber-core-7.18.0.jar;C:\Users\Benjamin Saint Elien\.m2\repository\io\cucumber\cucumber-gherkin\7.18.0\cucumber-gherkin-7.18.0.jar;C:\Users\Benjamin Saint Elien\.m2\repository\io\cucumber\cucumber-gherkin-messages\7.18.0\cucumber-gherkin-messages-7.18.0.jar;C:\Users\Benjamin Saint Elien\.m2\repository\io\cucumber\gherkin\28.0.0\gherkin-28.0.0.jar;C:\Users\Benjamin Saint Elien\.m2\repository\io\cucumber\messages\24.1.0\messages-24.1.0.jar;C:\Users\Benjamin Saint Elien\.m2\repository\io\cucumber\testng-xml-formatter\0.1.0\testng-xml-formatter-0.1.0.jar;C:\Users\Benjamin Saint Elien\.m2\repository\io\cucumber\query\12.1.2\query-12.1.2.jar;C:\Users\Benjamin Saint Elien\.m2\repository\io\cucumber\tag-expressions\6.1.0\tag-expressions-6.1.0.jar;C:\Users\Benjamin Saint Elien\.m2\repository\io\cucumber\cucumber-expressions\17.1.0\cucumber-expressions-17.1.0.jar;C:\Users\Benjamin Saint Elien\.m2\repository\io\cucumber\datatable\7.18.0\datatable-7.18.0.jar;C:\Users\Benjamin Saint Elien\.m2\repository\io\cucumber\cucumber-plugin\7.18.0\cucumber-plugin-7.18.0.jar;C:\Users\Benjamin Saint Elien\.m2\repository\io\cucumber\docstring\7.18.0\docstring-7.18.0.jar;C:\Users\Benjamin Saint Elien\.m2\repository\io\cucumber\html-formatter\21.3.1\html-formatter-21.3.1.jar;C:\Users\Benjamin Saint Elien\.m2\repository\io\cucumber\junit-xml-formatter\0.4.0\junit-xml-formatter-0.4.0.jar;C:\Users\Benjamin Saint Elien\.m2\repository\io\cucumber\ci-environment\10.0.1\ci-environment-10.0.1.jar;C:\Users\Benjamin Saint Elien\.m2\repository\org\apiguardian\apiguardian-api\1.1.2\apiguardian-api-1.1.2.jar;C:\Users\Benjamin Saint Elien\.m2\repository\io\cucumber\cucumber-junit-platform-engine\7.18.0\cucumber-junit-platform-engine-7.18.0.jar;C:\Users\Benjamin Saint Elien\.m2\repository\org\junit\platform\junit-platform-engine\1.10.2\junit-platform-engine-1.10.2.jar;C:\Users\Benjamin Saint Elien\.m2\repository\org\opentest4j\opentest4j\1.3.0\opentest4j-1.3.0.jar;C:\Users\Benjamin Saint Elien\.m2\repository\org\junit\platform\junit-platform-commons\1.10.2\junit-platform-commons-1.10.2.jar;C:\Users\Benjamin Saint Elien\.m2\repository\org\junit\platform\junit-platform-suite\1.10.2\junit-platform-suite-1.10.2.jar;C:\Users\Benjamin Saint Elien\.m2\repository\org\junit\platform\junit-platform-suite-api\1.10.2\junit-platform-suite-api-1.10.2.jar;C:\Users\Benjamin Saint Elien\.m2\repository\org\junit\platform\junit-platform-suite-engine\1.10.2\junit-platform-suite-engine-1.10.2.jar;C:\Users\Benjamin Saint Elien\.m2\repository\org\junit\platform\junit-platform-suite-commons\1.10.2\junit-platform-suite-commons-1.10.2.jar;C:\Users\Benjamin Saint Elien\.m2\repository\org\junit\platform\junit-platform-launcher\1.10.2\junit-platform-launcher-1.10.2.jar;C:\Users\Benjamin Saint Elien\.m2\repository\org\junit\jupiter\junit-jupiter\5.10.2\junit-jupiter-5.10.2.jar;C:\Users\Benjamin Saint Elien\.m2\repository\org\junit\jupiter\junit-jupiter-api\5.10.2\junit-jupiter-api-5.10.2.jar;C:\Users\Benjamin Saint Elien\.m2\repository\org\junit\jupiter\junit-jupiter-params\5.10.2\junit-jupiter-params-5.10.2.jar;C:\Users\Benjamin Saint Elien\.m2\repository\org\junit\jupiter\junit-jupiter-engine\5.10.2\junit-jupiter-engine-5.10.2.jar;"/>
    <property name="java.vm.vendor" value="Oracle Corporation"/>
    <property name="sun.arch.data.model" value="64"/>
    <property name="user.variant" value=""/>
    <property name="java.vendor.url" value="https://java.oracle.com/"/>
    <property name="user.timezone" value="America/New_York"/>
    <property name="os.name" value="Windows 11"/>
    <property name="java.vm.specification.version" value="21"/>
    <property name="sun.java.launcher" value="SUN_STANDARD"/>
    <property name="user.country" value="US"/>
    <property name="sun.boot.library.path" value="C:\Program Files\Java\jdk-21\bin"/>
    <property name="sun.java.command" value="C:\Users\Benjamin Saint Elien\AppData\Local\Temp\surefire6366238815174594658\surefirebooter-20240618121752052_3.jar C:\Users\Benjamin Saint Elien\AppData\Local\Temp\surefire6366238815174594658 2024-06-18T12-17-51_699-jvmRun1 surefire-20240618121752052_1tmp surefire_0-20240618121752052_2tmp"/>
    <property name="jdk.debug" value="release"/>
    <property name="surefire.test.class.path" value="C:\Users\Benjamin\Documents\BDD_Framework_Java_CI_CD_2\RandomApp\target\test-classes;C:\Users\Benjamin\Documents\BDD_Framework_Java_CI_CD_2\RandomApp\target\classes;C:\Users\Benjamin Saint Elien\.m2\repository\io\cucumber\cucumber-java\7.18.0\cucumber-java-7.18.0.jar;C:\Users\Benjamin Saint Elien\.m2\repository\io\cucumber\cucumber-core\7.18.0\cucumber-core-7.18.0.jar;C:\Users\Benjamin Saint Elien\.m2\repository\io\cucumber\cucumber-gherkin\7.18.0\cucumber-gherkin-7.18.0.jar;C:\Users\Benjamin Saint Elien\.m2\repository\io\cucumber\cucumber-gherkin-messages\7.18.0\cucumber-gherkin-messages-7.18.0.jar;C:\Users\Benjamin Saint Elien\.m2\repository\io\cucumber\gherkin\28.0.0\gherkin-28.0.0.jar;C:\Users\Benjamin Saint Elien\.m2\repository\io\cucumber\messages\24.1.0\messages-24.1.0.jar;C:\Users\Benjamin Saint Elien\.m2\repository\io\cucumber\testng-xml-formatter\0.1.0\testng-xml-formatter-0.1.0.jar;C:\Users\Benjamin Saint Elien\.m2\repository\io\cucumber\query\12.1.2\query-12.1.2.jar;C:\Users\Benjamin Saint Elien\.m2\repository\io\cucumber\tag-expressions\6.1.0\tag-expressions-6.1.0.jar;C:\Users\Benjamin Saint Elien\.m2\repository\io\cucumber\cucumber-expressions\17.1.0\cucumber-expressions-17.1.0.jar;C:\Users\Benjamin Saint Elien\.m2\repository\io\cucumber\datatable\7.18.0\datatable-7.18.0.jar;C:\Users\Benjamin Saint Elien\.m2\repository\io\cucumber\cucumber-plugin\7.18.0\cucumber-plugin-7.18.0.jar;C:\Users\Benjamin Saint Elien\.m2\repository\io\cucumber\docstring\7.18.0\docstring-7.18.0.jar;C:\Users\Benjamin Saint Elien\.m2\repository\io\cucumber\html-formatter\21.3.1\html-formatter-21.3.1.jar;C:\Users\Benjamin Saint Elien\.m2\repository\io\cucumber\junit-xml-formatter\0.4.0\junit-xml-formatter-0.4.0.jar;C:\Users\Benjamin Saint Elien\.m2\repository\io\cucumber\ci-environment\10.0.1\ci-environment-10.0.1.jar;C:\Users\Benjamin Saint Elien\.m2\repository\org\apiguardian\apiguardian-api\1.1.2\apiguardian-api-1.1.2.jar;C:\Users\Benjamin Saint Elien\.m2\repository\io\cucumber\cucumber-junit-platform-engine\7.18.0\cucumber-junit-platform-engine-7.18.0.jar;C:\Users\Benjamin Saint Elien\.m2\repository\org\junit\platform\junit-platform-engine\1.10.2\junit-platform-engine-1.10.2.jar;C:\Users\Benjamin Saint Elien\.m2\repository\org\opentest4j\opentest4j\1.3.0\opentest4j-1.3.0.jar;C:\Users\Benjamin Saint Elien\.m2\repository\org\junit\platform\junit-platform-commons\1.10.2\junit-platform-commons-1.10.2.jar;C:\Users\Benjamin Saint Elien\.m2\repository\org\junit\platform\junit-platform-suite\1.10.2\junit-platform-suite-1.10.2.jar;C:\Users\Benjamin Saint Elien\.m2\repository\org\junit\platform\junit-platform-suite-api\1.10.2\junit-platform-suite-api-1.10.2.jar;C:\Users\Benjamin Saint Elien\.m2\repository\org\junit\platform\junit-platform-suite-engine\1.10.2\junit-platform-suite-engine-1.10.2.jar;C:\Users\Benjamin Saint Elien\.m2\repository\org\junit\platform\junit-platform-suite-commons\1.10.2\junit-platform-suite-commons-1.10.2.jar;C:\Users\Benjamin Saint Elien\.m2\repository\org\junit\platform\junit-platform-launcher\1.10.2\junit-platform-launcher-1.10.2.jar;C:\Users\Benjamin Saint Elien\.m2\repository\org\junit\jupiter\junit-jupiter\5.10.2\junit-jupiter-5.10.2.jar;C:\Users\Benjamin Saint Elien\.m2\repository\org\junit\jupiter\junit-jupiter-api\5.10.2\junit-jupiter-api-5.10.2.jar;C:\Users\Benjamin Saint Elien\.m2\repository\org\junit\jupiter\junit-jupiter-params\5.10.2\junit-jupiter-params-5.10.2.jar;C:\Users\Benjamin Saint Elien\.m2\repository\org\junit\jupiter\junit-jupiter-engine\5.10.2\junit-jupiter-engine-5.10.2.jar;"/>
    <property name="sun.cpu.endian" value="little"/>
    <property name="user.home" value="C:\Users\Benjamin Saint Elien"/>
    <property name="user.language" value="en"/>
    <property name="java.specification.vendor" value="Oracle Corporation"/>
    <property name="java.version.date" value="2023-10-17"/>
    <property name="java.home" value="C:\Program Files\Java\jdk-21"/>
    <property name="file.separator" value="\"/>
    <property name="basedir" value="C:\Users\Benjamin\Documents\BDD_Framework_Java_CI_CD_2\RandomApp"/>
    <property name="java.vm.compressedOopsMode" value="Zero based"/>
    <property name="line.separator" value="&#10;"/>
    <property name="java.vm.specification.vendor" value="Oracle Corporation"/>
    <property name="java.specification.name" value="Java Platform API Specification"/>
    <property name="surefire.real.class.path" value="C:\Users\Benjamin Saint Elien\AppData\Local\Temp\surefire6366238815174594658\surefirebooter-20240618121752052_3.jar"/>
    <property name="user.script" value=""/>
    <property name="sun.management.compiler" value="HotSpot 64-Bit Tiered Compilers"/>
    <property name="java.runtime.version" value="21.0.1+12-LTS-29"/>
    <property name="user.name" value="Benjamin"/>
    <property name="stdout.encoding" value="Cp1252"/>
    <property name="path.separator" value=";"/>
    <property name="os.version" value="10.0"/>
    <property name="java.runtime.name" value="Java(TM) SE Runtime Environment"/>
    <property name="file.encoding" value="UTF-8"/>
    <property name="java.vm.name" value="Java HotSpot(TM) 64-Bit Server VM"/>
    <property name="localRepository" value="C:\Users\Benjamin Saint Elien\.m2\repository"/>
    <property name="java.vendor.url.bug" value="https://bugreport.java.com/bugreport/"/>
    <property name="java.io.tmpdir" value="C:\Users\BENJAM~1\AppData\Local\Temp\"/>
    <property name="java.version" value="21.0.1"/>
    <property name="user.dir" value="C:\Users\Benjamin\Documents\BDD_Framework_Java_CI_CD_2\RandomApp"/>
    <property name="os.arch" value="amd64"/>
    <property name="java.vm.specification.name" value="Java Virtual Machine Specification"/>
    <property name="sun.os.patch.level" value=""/>
    <property name="native.encoding" value="Cp1252"/>
    <property name="java.library.path" value="C:\Program Files\Java\jdk-21\bin;C:\WINDOWS\Sun\Java\bin;C:\WINDOWS\system32;C:\WINDOWS;C:\Program Files\Common Files\Oracle\Java\javapath;C:\Program Files (x86)\Common Files\Oracle\Java\java8path;C:\Program Files (x86)\Common Files\Oracle\Java\javapath;C:\windows\system32;C:\windows;C:\windows\System32\Wbem;C:\windows\System32\WindowsPowerShell\v1.0\;C:\windows\System32\OpenSSH\;C:\Program Files (x86)\NVIDIA Corporation\PhysX\Common;C:\Program Files\NVIDIA Corporation\NVIDIA NvDLISR;C:\WINDOWS\system32;C:\WINDOWS;C:\WINDOWS\System32\Wbem;C:\WINDOWS\System32\WindowsPowerShell\v1.0\;C:\WINDOWS\System32\OpenSSH\;C:\ProgramData\chocolatey\bin;C:\Users\Benjamin Saint Elien\Documents\NodeJS\node-v20.10.0-win-x64;C:\Program Files\Git\cmd;C:\Program Files\Microsoft SQL Server\150\Tools\Binn\;C:\Program Files\Microsoft SQL Server\Client SDK\ODBC\170\Tools\Binn\;C:\Program Files\dotnet\;C:\Users\Benjamin Saint Elien\ADB_Driver;C:\Users\Benjamin Saint Elien\AndroidCommandLineTools\cmdline-tools;C:\Users\Benjamin\Documents\uiAutomator2-driver\appium-uiautomator2-driver-2.37.1\lib;C:\Python;C:\Users\Benjamin\Maven\apache-maven-3.9.6\bin;C:\Users\Benjamin\Documents\TagUI\tagui\src;C:\Program Files\Docker\Docker\resources\bin;C:\Program Files\HP\HP One Agent;C:\Program Files\nodejs\;C:\Program Files (x86)\Android\android-sdk;C:\Program Files (x86)\Andriod\android-sdk\platform-tools;C:\Program Files (x86)\Android\android-sdk\cmdline-tools;C:\Program Files (x86)\Android\andriod-sdk\build-tools;C:\Users\Benjamin Saint Elien\AppData\Local\Programs\Python\Launcher\;C:\Users\Benjamin Saint Elien\AppData\Local\Microsoft\WindowsApps;C:\Users\Benjamin Saint Elien\.dotnet\tools;C:\Users\Benjamin Saint Elien\AppData\Local\Programs\Microsoft VS Code\bin;C:\Program Files\JetBrains\IntelliJ IDEA Community Edition 2023.3.2\bin;;C:\Users\Benjamin Saint Elien\AppData\Roaming\npm;."/>
    <property name="java.vm.info" value="mixed mode, sharing"/>
    <property name="stderr.encoding" value="Cp1252"/>
    <property name="java.vendor" value="Oracle Corporation"/>
    <property name="java.vm.version" value="21.0.1+12-LTS-29"/>
    <property name="sun.io.unicode.encoding" value="UnicodeLittle"/>
    <property name="java.class.version" value="65.0"/>
  </properties>
  <testcase name="The example" classname="An example" time="0.123">
    <system-out><![CDATA[
Scenario: The example                       &amp#27;[90m# com/testautomationdevelopment/RandomApp/example.feature:3&amp#27;[0m
  &amp#27;[32mGiven &amp#27;[0m&amp#27;[32man example scenario&amp#27;[0m                 &amp#27;[90m# com.testautomationdevelopment.RandomApp.StepDefinitions.anExampleScenario()&amp#27;[0m
  &amp#27;[32mWhen &amp#27;[0m&amp#27;[32mall step definitions are implemented&amp#27;[0m &amp#27;[90m# com.testautomationdevelopment.RandomApp.StepDefinitions.allStepDefinitionsAreImplemented()&amp#27;[0m
  &amp#27;[32mThen &amp#27;[0m&amp#27;[32mthe scenario passes&amp#27;[0m                  &amp#27;[90m# com.testautomationdevelopment.RandomApp.StepDefinitions.theScenarioPasses()&amp#27;[0m
]]></system-out>
  </testcase>
</testsuite>